<?xml version="1.0" encoding="UTF-8"?>
<!-- Generated by org.testng.reporters.JUnitReportReporter -->
<testsuite hostname="QT-INBG-LT1004" failures="0" tests="4" name="signin" time="40.772" errors="0" timestamp="2022-09-16T13:33:54 IST" skipped="0">
  <testcase classname="signin" name="sign" time="9.162"/>
  <system-out/>
  <testcase classname="signin" name="sign" time="9.273"/>
  <system-out/>
  <testcase classname="signin" name="sign" time="12.951"/>
  <system-out/>
  <testcase classname="signin" name="sign" time="9.386"/>
  <system-out/>
</testsuite> <!-- signin -->
