<?xml version="1.0" encoding="UTF-8"?>
<!-- Generated by org.testng.reporters.JUnitReportReporter -->
<testsuite hostname="QT-INBG-LT1004" failures="0" tests="4" name="AutomationScripts.signin" time="36.000" errors="0" timestamp="2022-09-16T17:26:46 IST" skipped="0">
  <testcase classname="AutomationScripts.signin" name="sign" time="9.151"/>
  <system-out/>
  <testcase classname="AutomationScripts.signin" name="sign" time="8.769"/>
  <system-out/>
  <testcase classname="AutomationScripts.signin" name="sign" time="8.739"/>
  <system-out/>
  <testcase classname="AutomationScripts.signin" name="sign" time="9.341"/>
  <system-out/>
</testsuite> <!-- AutomationScripts.signin -->
