<?xml version="1.0" encoding="UTF-8"?>
<!-- Generated by org.testng.reporters.JUnitReportReporter -->
<testsuite hostname="QT-INBG-LT1004" failures="0" tests="2" name="signup" time="32.074" errors="0" timestamp="2022-09-16T16:57:20 IST" skipped="0">
  <testcase classname="signup" name="sign" time="17.283"/>
  <system-out/>
  <testcase classname="signup" name="sign" time="14.791"/>
  <system-out/>
</testsuite> <!-- signup -->
