<?xml version="1.0" encoding="UTF-8"?>
<!-- Generated by org.testng.reporters.JUnitReportReporter -->
<testsuite hostname="QT-INBG-LT1004" failures="0" tests="2" name="AutomationScripts.signup" time="32.688" errors="0" timestamp="2022-09-16T17:26:46 IST" skipped="0">
  <testcase classname="AutomationScripts.signup" name="sign" time="15.064"/>
  <system-out/>
  <testcase classname="AutomationScripts.signup" name="sign" time="17.624"/>
  <system-out/>
</testsuite> <!-- AutomationScripts.signup -->
