<?xml version="1.0" encoding="UTF-8"?>
<!-- Generated by org.testng.reporters.JUnitReportReporter -->
<testsuite hostname="QT-INBG-LT1004" failures="0" tests="2" name="AutomationScripts.contactus" time="16.664" errors="0" timestamp="2022-09-16T17:26:46 IST" skipped="0">
  <testcase classname="AutomationScripts.contactus" name="contactuslandingpage" time="8.594"/>
  <system-out/>
  <testcase classname="AutomationScripts.contactus" name="contactuslandingpage" time="8.070"/>
  <system-out/>
</testsuite> <!-- AutomationScripts.contactus -->
